app/build/intermediates/manifest_merge_blame_file/debug/manifest-merger-blame-debug-report.txt
1<?xml version="1.0" encoding="utf-8"?>
2<manifest xmlns:android="http://schemas.android.com/apk/res/android"
3    package="com.cuongpq.basemvvm"
4    android:versionCode="1"
5    android:versionName="1.0" >
6
7    <uses-sdk
8        android:minSdkVersion="21"
8-->src\main\AndroidManifest.xml
9        android:targetSdkVersion="32" />
9-->src\main\AndroidManifest.xml
10
11    <uses-permission android:name="android.permission.ACCESS_NETWORK_STATE" />
11-->src\main\AndroidManifest.xml:5:5-79
11-->src\main\AndroidManifest.xml:5:22-76
12    <uses-permission android:name="android.permission.INTERNET" />
12-->src\main\AndroidManifest.xml:6:5-66
12-->src\main\AndroidManifest.xml:6:22-64
13    <uses-permission android:name="android.permission.READ_EXTERNAL_STORAGE" />
13-->src\main\AndroidManifest.xml:7:5-79
13-->src\main\AndroidManifest.xml:7:22-77
14    <uses-permission
14-->src\main\AndroidManifest.xml:8:5-9:38
15        android:name="android.permission.WRITE_EXTERNAL_STORAGE"
15-->src\main\AndroidManifest.xml:8:22-78
16        android:maxSdkVersion="29" />
16-->src\main\AndroidManifest.xml:9:9-35
17    <uses-permission android:name="android.permission.MANAGE_EXTERNAL_STORAGE" />
17-->src\main\AndroidManifest.xml:10:5-11:40
17-->src\main\AndroidManifest.xml:10:22-79
18
19    <application
19-->src\main\AndroidManifest.xml:12:5-31:19
20        android:name="com.trinity.basemvvm.common.MVVMApplication"
20-->src\main\AndroidManifest.xml:13:9-67
21        android:allowBackup="true"
21-->src\main\AndroidManifest.xml:14:9-35
22        android:appComponentFactory="androidx.core.app.CoreComponentFactory"
22-->[androidx.core:core:1.7.0] AndroidManifest.xml:24:18-86
23        android:debuggable="true"
24        android:icon="@mipmap/ic_launcher"
24-->src\main\AndroidManifest.xml:15:9-43
25        android:label="@string/app_name"
25-->src\main\AndroidManifest.xml:16:9-41
26        android:roundIcon="@mipmap/ic_launcher_round"
26-->src\main\AndroidManifest.xml:17:9-54
27        android:supportsRtl="true"
27-->src\main\AndroidManifest.xml:18:9-35
28        android:testOnly="true"
29        android:theme="@style/Theme.BaseMVVM" >
29-->src\main\AndroidManifest.xml:19:9-46
30        <activity
30-->src\main\AndroidManifest.xml:20:9-28:20
31            android:name="com.trinity.basemvvm.ui.main.activity.splash.SplashActivity"
31-->src\main\AndroidManifest.xml:21:13-87
32            android:exported="true" >
32-->src\main\AndroidManifest.xml:22:13-36
33            <intent-filter>
33-->src\main\AndroidManifest.xml:23:13-27:29
34                <action android:name="android.intent.action.MAIN" />
34-->src\main\AndroidManifest.xml:24:17-69
34-->src\main\AndroidManifest.xml:24:25-66
35
36                <category android:name="android.intent.category.LAUNCHER" />
36-->src\main\AndroidManifest.xml:26:17-77
36-->src\main\AndroidManifest.xml:26:27-74
37            </intent-filter>
38        </activity>
39        <activity android:name="com.trinity.basemvvm.ui.main.activity.login.LoginActivity" />
39-->src\main\AndroidManifest.xml:29:9-73
39-->src\main\AndroidManifest.xml:29:19-71
40        <activity android:name="com.trinity.basemvvm.ui.main.activity.home.HomeAcitivty" />
40-->src\main\AndroidManifest.xml:30:9-71
40-->src\main\AndroidManifest.xml:30:19-69
41
42        <service
42-->[androidx.room:room-runtime:2.5.0-alpha01] AndroidManifest.xml:26:9-30:63
43            android:name="androidx.room.MultiInstanceInvalidationService"
43-->[androidx.room:room-runtime:2.5.0-alpha01] AndroidManifest.xml:27:13-74
44            android:directBootAware="true"
44-->[androidx.room:room-runtime:2.5.0-alpha01] AndroidManifest.xml:28:13-43
45            android:exported="false" />
45-->[androidx.room:room-runtime:2.5.0-alpha01] AndroidManifest.xml:29:13-37
46
47        <provider
47-->[androidx.emoji2:emoji2:1.0.0] AndroidManifest.xml:26:9-34:20
48            android:name="androidx.startup.InitializationProvider"
48-->[androidx.emoji2:emoji2:1.0.0] AndroidManifest.xml:27:13-67
49            android:authorities="com.cuongpq.basemvvm.androidx-startup"
49-->[androidx.emoji2:emoji2:1.0.0] AndroidManifest.xml:28:13-68
50            android:exported="false" >
50-->[androidx.emoji2:emoji2:1.0.0] AndroidManifest.xml:29:13-37
51            <meta-data
51-->[androidx.emoji2:emoji2:1.0.0] AndroidManifest.xml:31:13-33:52
52                android:name="androidx.emoji2.text.EmojiCompatInitializer"
52-->[androidx.emoji2:emoji2:1.0.0] AndroidManifest.xml:32:17-75
53                android:value="androidx.startup" />
53-->[androidx.emoji2:emoji2:1.0.0] AndroidManifest.xml:33:17-49
54            <meta-data
54-->[androidx.lifecycle:lifecycle-process:2.4.0] AndroidManifest.xml:31:13-33:52
55                android:name="androidx.lifecycle.ProcessLifecycleInitializer"
55-->[androidx.lifecycle:lifecycle-process:2.4.0] AndroidManifest.xml:32:17-78
56                android:value="androidx.startup" />
56-->[androidx.lifecycle:lifecycle-process:2.4.0] AndroidManifest.xml:33:17-49
57            <meta-data
57-->[androidx.profileinstaller:profileinstaller:1.0.1] AndroidManifest.xml:31:13-33:52
58                android:name="androidx.profileinstaller.ProfileInstallerInitializer"
58-->[androidx.profileinstaller:profileinstaller:1.0.1] AndroidManifest.xml:32:17-85
59                android:value="androidx.startup" />
59-->[androidx.profileinstaller:profileinstaller:1.0.1] AndroidManifest.xml:33:17-49
60        </provider>
61
62        <receiver
62-->[androidx.profileinstaller:profileinstaller:1.0.1] AndroidManifest.xml:36:9-45:20
63            android:name="androidx.profileinstaller.ProfileInstallReceiver"
63-->[androidx.profileinstaller:profileinstaller:1.0.1] AndroidManifest.xml:37:13-76
64            android:directBootAware="false"
64-->[androidx.profileinstaller:profileinstaller:1.0.1] AndroidManifest.xml:38:13-44
65            android:enabled="true"
65-->[androidx.profileinstaller:profileinstaller:1.0.1] AndroidManifest.xml:39:13-35
66            android:exported="true"
66-->[androidx.profileinstaller:profileinstaller:1.0.1] AndroidManifest.xml:40:13-36
67            android:permission="android.permission.DUMP" >
67-->[androidx.profileinstaller:profileinstaller:1.0.1] AndroidManifest.xml:41:13-57
68            <intent-filter>
68-->[androidx.profileinstaller:profileinstaller:1.0.1] AndroidManifest.xml:42:13-44:29
69                <action android:name="androidx.profileinstaller.action.INSTALL_PROFILE" />
69-->[androidx.profileinstaller:profileinstaller:1.0.1] AndroidManifest.xml:43:17-91
69-->[androidx.profileinstaller:profileinstaller:1.0.1] AndroidManifest.xml:43:25-88
70            </intent-filter>
71        </receiver>
72    </application>
73
74</manifest>